0 info it worked if it ends with ok
1 verbose cli [ '/usr/local/bin/node', '/usr/local/bin/npm', 'run', 'server' ]
2 info using npm@6.9.0
3 info using node@v10.15.3
4 verbose run-script [ 'preserver', 'server', 'postserver' ]
5 info lifecycle reactexpress-starter@1.0.0~preserver: reactexpress-starter@1.0.0
6 info lifecycle reactexpress-starter@1.0.0~server: reactexpress-starter@1.0.0
7 verbose lifecycle reactexpress-starter@1.0.0~server: unsafe-perm in lifecycle true
8 verbose lifecycle reactexpress-starter@1.0.0~server: PATH: /usr/local/lib/node_modules/npm/node_modules/npm-lifecycle/node-gyp-bin:/Users/macbook/development/reactexpress-starter/node_modules/.bin:/usr/local/lib/node_modules/npm/node_modules/npm-lifecycle/node-gyp-bin:/Users/macbook/development/reactexpress-starter/node_modules/.bin:/usr/local/bin:/usr/bin:/bin:/usr/sbin:/sbin:/Applications/Postgres.app/Contents/Versions/latest/bin
9 verbose lifecycle reactexpress-starter@1.0.0~server: CWD: /Users/macbook/development/reactexpress-starter
10 silly lifecycle reactexpress-starter@1.0.0~server: Args: [ '-c', 'nodemon server.js' ]
11 silly lifecycle reactexpress-starter@1.0.0~server: Returned: code: 130  signal: null
12 info lifecycle reactexpress-starter@1.0.0~server: Failed to exec server script
13 verbose stack Error: reactexpress-starter@1.0.0 server: `nodemon server.js`
13 verbose stack Exit status 130
13 verbose stack     at EventEmitter.<anonymous> (/usr/local/lib/node_modules/npm/node_modules/npm-lifecycle/index.js:301:16)
13 verbose stack     at EventEmitter.emit (events.js:189:13)
13 verbose stack     at ChildProcess.<anonymous> (/usr/local/lib/node_modules/npm/node_modules/npm-lifecycle/lib/spawn.js:55:14)
13 verbose stack     at ChildProcess.emit (events.js:189:13)
13 verbose stack     at maybeClose (internal/child_process.js:970:16)
13 verbose stack     at Process.ChildProcess._handle.onexit (internal/child_process.js:259:5)
14 verbose pkgid reactexpress-starter@1.0.0
15 verbose cwd /Users/macbook/development/reactexpress-starter
16 verbose Darwin 15.6.0
17 verbose argv "/usr/local/bin/node" "/usr/local/bin/npm" "run" "server"
18 verbose node v10.15.3
19 verbose npm  v6.9.0
20 error code ELIFECYCLE
21 error errno 130
22 error reactexpress-starter@1.0.0 server: `nodemon server.js`
22 error Exit status 130
23 error Failed at the reactexpress-starter@1.0.0 server script.
23 error This is probably not a problem with npm. There is likely additional logging output above.
24 verbose exit [ 130, true ]
